2018-01-28 13:04:07 INFO  util.LogHelper:31 - HHH000204: Processing PersistenceUnitInfo [
	name: default
	...]
2018-01-28 13:04:08 INFO  hibernate.Version:45 - HHH000412: Hibernate Core {5.2.11.Final}
2018-01-28 13:04:08 INFO  cfg.Environment:213 - HHH000206: hibernate.properties not found
2018-01-28 13:04:08 INFO  common.Version:66 - HCANN000001: Hibernate Commons Annotations {5.0.1.Final}
2018-01-28 13:04:09 INFO  dialect.Dialect:157 - HHH000400: Using dialect: org.hibernate.dialect.MySQLDialect
2018-01-28 13:04:10 INFO  dialect.Dialect:157 - HHH000400: Using dialect: org.hibernate.dialect.MySQLDialect
2018-01-28 13:04:45 INFO  util.LogHelper:31 - HHH000204: Processing PersistenceUnitInfo [
	name: default
	...]
2018-01-28 13:04:45 INFO  hibernate.Version:45 - HHH000412: Hibernate Core {5.2.11.Final}
2018-01-28 13:04:45 INFO  cfg.Environment:213 - HHH000206: hibernate.properties not found
2018-01-28 13:04:45 INFO  common.Version:66 - HCANN000001: Hibernate Commons Annotations {5.0.1.Final}
2018-01-28 13:04:46 INFO  dialect.Dialect:157 - HHH000400: Using dialect: org.hibernate.dialect.MySQLDialect
2018-01-28 13:04:47 INFO  dialect.Dialect:157 - HHH000400: Using dialect: org.hibernate.dialect.MySQLDialect
2018-01-28 13:06:42 INFO  util.LogHelper:31 - HHH000204: Processing PersistenceUnitInfo [
	name: default
	...]
2018-01-28 13:06:42 INFO  hibernate.Version:45 - HHH000412: Hibernate Core {5.2.11.Final}
2018-01-28 13:06:42 INFO  cfg.Environment:213 - HHH000206: hibernate.properties not found
2018-01-28 13:06:42 INFO  common.Version:66 - HCANN000001: Hibernate Commons Annotations {5.0.1.Final}
2018-01-28 13:06:42 INFO  dialect.Dialect:157 - HHH000400: Using dialect: org.hibernate.dialect.MySQLDialect
2018-01-28 13:06:43 INFO  dialect.Dialect:157 - HHH000400: Using dialect: org.hibernate.dialect.MySQLDialect
2018-01-28 13:07:30 INFO  util.LogHelper:31 - HHH000204: Processing PersistenceUnitInfo [
	name: default
	...]
2018-01-28 13:07:31 INFO  hibernate.Version:45 - HHH000412: Hibernate Core {5.2.11.Final}
2018-01-28 13:07:31 INFO  cfg.Environment:213 - HHH000206: hibernate.properties not found
2018-01-28 13:07:31 INFO  common.Version:66 - HCANN000001: Hibernate Commons Annotations {5.0.1.Final}
2018-01-28 13:07:31 INFO  dialect.Dialect:157 - HHH000400: Using dialect: org.hibernate.dialect.MySQLDialect
2018-01-28 13:07:33 INFO  dialect.Dialect:157 - HHH000400: Using dialect: org.hibernate.dialect.MySQLDialect
2018-01-28 13:07:34 INFO  util.LogHelper:31 - HHH000204: Processing PersistenceUnitInfo [
	name: default
	...]
2018-01-28 13:07:34 INFO  dialect.Dialect:157 - HHH000400: Using dialect: org.hibernate.dialect.MySQLDialect
2018-01-28 13:07:34 INFO  dialect.Dialect:157 - HHH000400: Using dialect: org.hibernate.dialect.MySQLDialect
2018-01-28 13:07:34 INFO  internal.QueryTranslatorFactoryInitiator:47 - HHH000397: Using ASTQueryTranslatorFactory
2018-01-28 13:08:21 INFO  util.LogHelper:31 - HHH000204: Processing PersistenceUnitInfo [
	name: default
	...]
2018-01-28 13:08:21 INFO  hibernate.Version:45 - HHH000412: Hibernate Core {5.2.11.Final}
2018-01-28 13:08:21 INFO  cfg.Environment:213 - HHH000206: hibernate.properties not found
2018-01-28 13:08:21 INFO  common.Version:66 - HCANN000001: Hibernate Commons Annotations {5.0.1.Final}
2018-01-28 13:08:22 INFO  dialect.Dialect:157 - HHH000400: Using dialect: org.hibernate.dialect.MySQLDialect
2018-01-28 13:08:23 INFO  dialect.Dialect:157 - HHH000400: Using dialect: org.hibernate.dialect.MySQLDialect
2018-01-28 13:08:51 INFO  util.LogHelper:31 - HHH000204: Processing PersistenceUnitInfo [
	name: default
	...]
2018-01-28 13:08:51 INFO  hibernate.Version:45 - HHH000412: Hibernate Core {5.2.11.Final}
2018-01-28 13:08:51 INFO  cfg.Environment:213 - HHH000206: hibernate.properties not found
2018-01-28 13:08:51 INFO  common.Version:66 - HCANN000001: Hibernate Commons Annotations {5.0.1.Final}
2018-01-28 13:08:51 INFO  dialect.Dialect:157 - HHH000400: Using dialect: org.hibernate.dialect.MySQLDialect
2018-01-28 13:08:52 INFO  dialect.Dialect:157 - HHH000400: Using dialect: org.hibernate.dialect.MySQLDialect
2018-01-28 13:08:54 INFO  util.LogHelper:31 - HHH000204: Processing PersistenceUnitInfo [
	name: default
	...]
2018-01-28 13:08:54 INFO  dialect.Dialect:157 - HHH000400: Using dialect: org.hibernate.dialect.MySQLDialect
2018-01-28 13:08:54 INFO  dialect.Dialect:157 - HHH000400: Using dialect: org.hibernate.dialect.MySQLDialect
2018-01-28 13:08:54 INFO  internal.QueryTranslatorFactoryInitiator:47 - HHH000397: Using ASTQueryTranslatorFactory
2018-01-28 13:13:09 INFO  util.LogHelper:31 - HHH000204: Processing PersistenceUnitInfo [
	name: default
	...]
2018-01-28 13:13:10 INFO  hibernate.Version:45 - HHH000412: Hibernate Core {5.2.11.Final}
2018-01-28 13:13:10 INFO  cfg.Environment:213 - HHH000206: hibernate.properties not found
2018-01-28 13:13:10 INFO  common.Version:66 - HCANN000001: Hibernate Commons Annotations {5.0.1.Final}
2018-01-28 13:13:10 INFO  dialect.Dialect:157 - HHH000400: Using dialect: org.hibernate.dialect.MySQLDialect
2018-01-28 13:13:11 INFO  dialect.Dialect:157 - HHH000400: Using dialect: org.hibernate.dialect.MySQLDialect
2018-01-28 13:13:36 INFO  util.LogHelper:31 - HHH000204: Processing PersistenceUnitInfo [
	name: default
	...]
2018-01-28 13:13:36 INFO  hibernate.Version:45 - HHH000412: Hibernate Core {5.2.11.Final}
2018-01-28 13:13:36 INFO  cfg.Environment:213 - HHH000206: hibernate.properties not found
2018-01-28 13:13:36 INFO  common.Version:66 - HCANN000001: Hibernate Commons Annotations {5.0.1.Final}
2018-01-28 13:13:37 INFO  dialect.Dialect:157 - HHH000400: Using dialect: org.hibernate.dialect.MySQLDialect
2018-01-28 13:13:38 INFO  dialect.Dialect:157 - HHH000400: Using dialect: org.hibernate.dialect.MySQLDialect
2018-01-28 13:13:39 INFO  util.LogHelper:31 - HHH000204: Processing PersistenceUnitInfo [
	name: default
	...]
2018-01-28 13:13:39 INFO  dialect.Dialect:157 - HHH000400: Using dialect: org.hibernate.dialect.MySQLDialect
2018-01-28 13:13:39 INFO  dialect.Dialect:157 - HHH000400: Using dialect: org.hibernate.dialect.MySQLDialect
2018-01-28 13:13:39 INFO  beanpostprocessors.ProfilingHandlerBeanPostProcessor:41 - ***Profiling***
2018-01-28 13:13:39 INFO  beanpostprocessors.ProfilingHandlerBeanPostProcessor:46 - ***result = 35528 ***
